<?xml version="1.0" encoding="UTF-8"?>
<!-- Generated by org.testng.reporters.JUnitXMLReporter -->
<testsuite ignored="0" hostname="DESKTOP-AONMEIE" failures="1" tests="5" name="ChromeTest" time="10.349" errors="0" timestamp="2022-11-21T16:57:16 IST">
  <testcase classname="testclass.goibibo.Goibibo_testclass" name="@AfterTest closebrowser" time="0.022">
    <failure type="java.lang.NullPointerException" message="Cannot invoke &amp;quot;org.openqa.selenium.WebDriver.close()&amp;quot; because &amp;quot;this.driver&amp;quot; is null">
      <![CDATA[java.lang.NullPointerException: Cannot invoke "org.openqa.selenium.WebDriver.close()" because "this.driver" is null
at testclass.goibibo.Goibibo_testclass.closebrowser(Goibibo_testclass.java:83)
... Removed 22 stack frames]]>
    </failure>
  </testcase> <!-- @AfterTest closebrowser -->
  <testcase classname="practice_1.TestNgClass" name="@AfterTest afterTest" time="-1.669030036485E9">
    <skipped/>
  </testcase> <!-- @AfterTest afterTest -->
  <testcase classname="testclass.goibibo.Goibibo_testclass" name="verify" time="0.1">
    <failure type="java.lang.AssertionError" message="The following asserts failed:
	url not matched :  expected [https://www.goibibo.com] but found [https://www.goibibo.com/]">
      <![CDATA[java.lang.AssertionError: The following asserts failed:
url not matched :  expected [https://www.goibibo.com] but found [https://www.goibibo.com/]
at testclass.goibibo.Goibibo_testclass.verify(Goibibo_testclass.java:66)
at java.base/java.util.ArrayList.forEach(ArrayList.java:1511)
... Removed 27 stack frames]]>
    </failure>
  </testcase> <!-- verify -->
  <testcase classname="testclass.goibibo.Goibibo_testclass" name="test" time="5.138"/>
  <testcase classname="practice_1.TestNgClass" name="test" time="0.001"/>
  <testcase classname="practice_1.TestNgClass" name="test1" time="0.001"/>
  <testcase classname="practice_1.TestNgClass" name="test2" time="0.002"/>
</testsuite> <!-- ChromeTest -->
