<?xml version="1.0" encoding="UTF-8"?>
<!-- Generated by org.testng.reporters.JUnitXMLReporter -->
<testsuite ignored="0" hostname="DESKTOP-AONMEIE" failures="0" tests="3" name="Test" time="11.802" errors="0" timestamp="2022-11-15T19:11:18 IST">
  <testcase classname="testclass.goibibo.Goibibo_testclass" name="verify" time="0.137"/>
  <testcase classname="testclass.goibibo.Goibibo_testclass" name="test" time="5.686"/>
  <testcase classname="practice_1.TestNgClass" name="test" time="0.001"/>
</testsuite> <!-- Test -->
